[13:46:40] [main/INFO]: Setting user: ForgeDevName
[13:46:43] [Client thread/INFO]: LWJGL Version: 2.9.1
[13:46:57] [Client thread/INFO]: Reloading ResourceManager: Default, FMLFileResourcePack:Forge Mod Loader, FMLFileResourcePack:Minecraft Forge, FMLFileResourcePack:MoreToolsMod
[13:46:59] [Sound Library Loader/INFO]: Sound engine started
[13:47:05] [Client thread/INFO]: Created: 512x256 textures/blocks-atlas
[13:47:06] [Client thread/INFO]: Created: 256x256 textures/items-atlas
[13:47:06] [Client thread/INFO]: Reloading ResourceManager: Default, FMLFileResourcePack:Forge Mod Loader, FMLFileResourcePack:Minecraft Forge, FMLFileResourcePack:MoreToolsMod
[13:47:07] [Client thread/INFO]: Created: 512x256 textures/blocks-atlas
[13:47:07] [Client thread/INFO]: Created: 256x256 textures/items-atlas
[13:47:08] [Sound Library Loader/INFO]: Sound engine started
[13:47:31] [Client thread/INFO]: Realms library version == 1.3.1
[13:47:33] [MCO Availability Checker #1/INFO]: Could not authorize you against Realms server: Invalid session id
[13:47:33] [MCO Availability Checker #1/ERROR]: Couldn't connect to realms: 
[13:47:38] [Server thread/INFO]: Starting integrated minecraft server version 1.7.10
[13:47:38] [Server thread/INFO]: Generating keypair
[13:47:40] [Server thread/INFO]: Preparing start region for level 0
[13:47:41] [Server thread/INFO]: Preparing spawn area: 1%
[13:47:42] [Server thread/INFO]: Preparing spawn area: 46%
[13:47:43] [Server thread/INFO]: Changing view distance to 12, from 10
[13:47:44] [Server thread/INFO]: ForgeDevName[local:E:3e4ff000] logged in with entity id 307 at (-130.76018048918846, 68.0, 235.85326795912854)
[13:47:44] [Server thread/INFO]: ForgeDevName joined the game
[13:47:46] [Server thread/WARN]: Can't keep up! Did the system time change, or is the server overloaded? Running 2035ms behind, skipping 40 tick(s)
[13:47:56] [Client thread/INFO]: Warning: Clientside chunk ticking took 744 ms
[13:48:43] [Server thread/WARN]: Can't keep up! Did the system time change, or is the server overloaded? Running 4654ms behind, skipping 93 tick(s)
[13:49:08] [Server thread/INFO]: Saving and pausing game...
[13:49:08] [Server thread/INFO]: Saving chunks for level 'New World'/Overworld
[13:49:08] [Server thread/INFO]: Saving chunks for level 'New World'/Nether
[13:49:08] [Server thread/INFO]: Saving chunks for level 'New World'/The End
[13:49:45] [Server thread/INFO]: [ForgeDevName: Set own game mode to Creative Mode]
[13:49:45] [Client thread/INFO]: [CHAT] Your game mode has been updated
[13:50:00] [Server thread/INFO]: [ForgeDevName: Set own game mode to Survival Mode]
[13:50:00] [Client thread/INFO]: [CHAT] Your game mode has been updated
[13:50:31] [Server thread/INFO]: Saving and pausing game...
[13:50:31] [Server thread/INFO]: Saving chunks for level 'New World'/Overworld
[13:50:31] [Server thread/INFO]: Saving chunks for level 'New World'/Nether
[13:50:32] [Server thread/INFO]: Saving chunks for level 'New World'/The End
[13:50:32] [Server thread/INFO]: <ForgeDevName> l
[13:50:32] [Client thread/INFO]: [CHAT] <ForgeDevName> l
[13:55:33] [Server thread/WARN]: Can't keep up! Did the system time change, or is the server overloaded? Running 3495ms behind, skipping 69 tick(s)
[13:56:23] [Server thread/WARN]: Can't keep up! Did the system time change, or is the server overloaded? Running 4969ms behind, skipping 99 tick(s)
[13:56:44] [Server thread/WARN]: Can't keep up! Did the system time change, or is the server overloaded? Running 2393ms behind, skipping 47 tick(s)
[13:57:28] [Server thread/WARN]: Can't keep up! Did the system time change, or is the server overloaded? Running 2526ms behind, skipping 50 tick(s)
[13:58:45] [Server thread/WARN]: Can't keep up! Did the system time change, or is the server overloaded? Running 2002ms behind, skipping 40 tick(s)
[13:59:07] [Server thread/WARN]: Can't keep up! Did the system time change, or is the server overloaded? Running 2609ms behind, skipping 52 tick(s)
[13:59:24] [Server thread/WARN]: Can't keep up! Did the system time change, or is the server overloaded? Running 2626ms behind, skipping 52 tick(s)
[14:00:02] [Server thread/WARN]: Can't keep up! Did the system time change, or is the server overloaded? Running 3835ms behind, skipping 76 tick(s)
[14:00:31] [Client thread/INFO]: Warning: Clientside chunk ticking took 106 ms
[14:00:31] [Client thread/INFO]: Warning: Clientside chunk ticking took 160 ms
[14:00:31] [Client thread/INFO]: Warning: Clientside chunk ticking took 161 ms
[14:00:32] [Client thread/INFO]: Warning: Clientside chunk ticking took 180 ms
[14:00:32] [Client thread/INFO]: Warning: Clientside chunk ticking took 177 ms
[14:00:32] [Client thread/INFO]: Warning: Clientside chunk ticking took 158 ms
[14:00:32] [Client thread/INFO]: Warning: Clientside chunk ticking took 174 ms
[14:00:33] [Client thread/INFO]: Warning: Clientside chunk ticking took 214 ms
[14:00:33] [Client thread/INFO]: Warning: Clientside chunk ticking took 211 ms
[14:00:33] [Client thread/INFO]: Warning: Clientside chunk ticking took 136 ms
[14:00:36] [Server thread/WARN]: Can't keep up! Did the system time change, or is the server overloaded? Running 2793ms behind, skipping 55 tick(s)
[14:00:50] [Client thread/INFO]: Warning: Clientside chunk ticking took 180 ms
[14:00:50] [Client thread/INFO]: Warning: Clientside chunk ticking took 258 ms
[14:00:51] [Client thread/INFO]: Warning: Clientside chunk ticking took 325 ms
[14:00:51] [Client thread/INFO]: Warning: Clientside chunk ticking took 132 ms
[14:01:17] [Server thread/WARN]: Can't keep up! Did the system time change, or is the server overloaded? Running 2833ms behind, skipping 56 tick(s)
[14:02:15] [Server thread/INFO]: Saving and pausing game...
[14:02:15] [Server thread/INFO]: Saving chunks for level 'New World'/Overworld
[14:02:18] [Server thread/INFO]: Saving chunks for level 'New World'/Nether
[14:02:18] [Server thread/INFO]: Saving chunks for level 'New World'/The End
[14:02:18] [Server thread/WARN]: Can't keep up! Did the system time change, or is the server overloaded? Running 3228ms behind, skipping 64 tick(s)
